d:\cprojects\gamesprojects\dragonslakearkanoid\maslianka_zakhar_arkanoid_dgtc\x64\release\arkanoid.ipdb
d:\cprojects\gamesprojects\dragonslakearkanoid\maslianka_zakhar_arkanoid_dgtc\x64\release\arkanoid.iobj
d:\cprojects\gamesprojects\dragonslakearkanoid\maslianka_zakhar_arkanoid_dgtc\x64\release\vc143.pdb
d:\cprojects\gamesprojects\dragonslakearkanoid\maslianka_zakhar_arkanoid_dgtc\x64\release\playerinputcomponent.obj
d:\cprojects\gamesprojects\dragonslakearkanoid\maslianka_zakhar_arkanoid_dgtc\x64\release\playerentity.obj
d:\cprojects\gamesprojects\dragonslakearkanoid\maslianka_zakhar_arkanoid_dgtc\x64\release\physicalcomponent.obj
d:\cprojects\gamesprojects\dragonslakearkanoid\maslianka_zakhar_arkanoid_dgtc\x64\release\graphicscomponent.obj
d:\cprojects\gamesprojects\dragonslakearkanoid\maslianka_zakhar_arkanoid_dgtc\x64\release\gameworld.obj
d:\cprojects\gamesprojects\dragonslakearkanoid\maslianka_zakhar_arkanoid_dgtc\x64\release\game.obj
d:\cprojects\gamesprojects\dragonslakearkanoid\maslianka_zakhar_arkanoid_dgtc\x64\release\brickentity.obj
d:\cprojects\gamesprojects\dragonslakearkanoid\maslianka_zakhar_arkanoid_dgtc\x64\release\baseentity.obj
d:\cprojects\gamesprojects\dragonslakearkanoid\maslianka_zakhar_arkanoid_dgtc\x64\release\ballentity.obj
d:\cprojects\gamesprojects\dragonslakearkanoid\maslianka_zakhar_arkanoid_dgtc\x64\release\abilityshandlercomponent.obj
d:\cprojects\gamesprojects\dragonslakearkanoid\maslianka_zakhar_arkanoid_dgtc\x64\release\abilityentity.obj
d:\cprojects\gamesprojects\dragonslakearkanoid\maslianka_zakhar_arkanoid_dgtc\x64\release\arkanoid.exe
d:\cprojects\gamesprojects\dragonslakearkanoid\maslianka_zakhar_arkanoid_dgtc\x64\release\arkanoid.pdb
d:\cprojects\gamesprojects\dragonslakearkanoid\maslianka_zakhar_arkanoid_dgtc\x64\release\gamegdltcs.res
d:\cprojects\gamesprojects\dragonslakearkanoid\maslianka_zakhar_arkanoid_dgtc\x64\release\arkanoid.tlog\arkanoid.write.1u.tlog
d:\cprojects\gamesprojects\dragonslakearkanoid\maslianka_zakhar_arkanoid_dgtc\x64\release\arkanoid.tlog\cl.command.1.tlog
d:\cprojects\gamesprojects\dragonslakearkanoid\maslianka_zakhar_arkanoid_dgtc\x64\release\arkanoid.tlog\cl.read.1.tlog
d:\cprojects\gamesprojects\dragonslakearkanoid\maslianka_zakhar_arkanoid_dgtc\x64\release\arkanoid.tlog\cl.write.1.tlog
d:\cprojects\gamesprojects\dragonslakearkanoid\maslianka_zakhar_arkanoid_dgtc\x64\release\arkanoid.tlog\link.command.1.tlog
d:\cprojects\gamesprojects\dragonslakearkanoid\maslianka_zakhar_arkanoid_dgtc\x64\release\arkanoid.tlog\link.read.1.tlog
d:\cprojects\gamesprojects\dragonslakearkanoid\maslianka_zakhar_arkanoid_dgtc\x64\release\arkanoid.tlog\link.write.1.tlog
d:\cprojects\gamesprojects\dragonslakearkanoid\maslianka_zakhar_arkanoid_dgtc\x64\release\arkanoid.tlog\rc.command.1.tlog
d:\cprojects\gamesprojects\dragonslakearkanoid\maslianka_zakhar_arkanoid_dgtc\x64\release\arkanoid.tlog\rc.read.1.tlog
d:\cprojects\gamesprojects\dragonslakearkanoid\maslianka_zakhar_arkanoid_dgtc\x64\release\arkanoid.tlog\rc.write.1.tlog
